root: 2023-09-02 14:06:21,323 22 -> __init__ [[1, 2], [3, 4]] 
1  2  
3  4  

root: 2023-09-02 14:06:21,323 22 -> __init__ [[1, 5], [3, 4]] 
1  5  
3  4  

root: 2023-09-02 14:06:42,922 22 -> __init__ [[1, 2], [3, 4]] 
1  2  
3  4  

root: 2023-09-02 14:06:42,922 22 -> __init__ [[1, 5], [3, 4]] 
1  5  
3  4  

root: 2023-09-02 14:06:42,935 24 -> __eq__ 
1  5  
3  4  
 
1  2  
3  4  
    Result = False
root: 2023-09-02 14:06:54,125 22 -> __init__ [[1, 2], [3, 4]] 
1  2  
3  4  

root: 2023-09-02 14:06:54,125 22 -> __init__ [[1, 4], [3, 4]] 
1  4  
3  4  

root: 2023-09-02 14:06:54,125 24 -> __eq__ 
1  4  
3  4  
 
1  2  
3  4  
    Result = False
root: 2023-09-02 14:07:00,547 22 -> __init__ [[1, 2], [3, 4]] 
1  2  
3  4  

root: 2023-09-02 14:07:00,547 22 -> __init__ [[1, 2], [3, 4]] 
1  2  
3  4  

root: 2023-09-02 14:07:00,547 24 -> __eq__ 
1  2  
3  4  
 
1  2  
3  4  
    Result = True
root: 2023-09-02 14:07:05,707 22 -> __init__ [[1, 2], [3, 4]] 
1  2  
3  4  

root: 2023-09-02 14:07:05,707 22 -> __init__ [[1, 2], [3, 4]] 
1  2  
3  4  

root: 2023-09-02 14:07:05,707 22 -> __init__ [[2, 4], [6, 8]] 
2  4  
6  8  

root: 2023-09-02 14:07:05,707 24 -> __add__ 
1  2  
3  4  
 
1  2  
3  4  
    Result = 
2  4  
6  8  

root: 2023-09-02 14:07:12,006 22 -> __init__ [[1, 2], [3, 4]] 
1  2  
3  4  

root: 2023-09-02 14:07:12,006 22 -> __init__ [[1, 2], [3, 4]] 
1  2  
3  4  

root: 2023-09-02 14:07:12,006 22 -> __init__ [[7, 10], [15, 22]] 
 7  10  
15  22  

root: 2023-09-02 14:07:12,006 24 -> __mul__ 
1  2  
3  4  
 
1  2  
3  4  
    Result = 
 7  10  
15  22  

root: 2023-09-02 14:07:37,698 22 -> __init__ [[1, 2], [3, 4]] 
1  2  
3  4  
root: 2023-09-02 14:08:43,132 22 -> __init__ [[1, 2], [3, 4]] 
1  2  
3  4  

root: 2023-09-02 14:08:43,132 22 -> __init__ [[3, 6], [9, 12]] 
3   6  
9  12  

root: 2023-09-02 14:08:43,132 24 -> __mul__ 3 
1  2  
3  4  
    Result = 
3   6  
9  12  

